2025-10-21 22:40:27,454 | INFO     | Лог-файл: runs\train_20251021-224027.log
2025-10-21 22:40:27,757 | INFO     | x_train: (60000, 28, 28, 1), x_test: (10000, 28, 28, 1), subset=None
2025-10-21 22:40:27,758 | INFO     | 
================ MLP experiments ================

2025-10-21 22:40:27,800 | INFO     | === Старт тренування: mlp_relu | batch=32, epochs=5, lr=0.001 ===
2025-10-21 22:40:27,861 | INFO     | Початок навчання...
2025-10-21 22:40:27,863 | INFO     | Епоха 1 почалась
2025-10-21 22:40:30,711 | INFO     | Епоха 1 завершена | loss=0.2672 acc=0.9239 val_loss=0.1248 val_acc=0.9632 (2.8 с)
2025-10-21 22:40:30,718 | INFO     | Епоха 2 почалась
2025-10-21 22:40:32,715 | INFO     | Епоха 2 завершена | loss=0.1164 acc=0.9648 val_loss=0.0994 val_acc=0.9705 (2.0 с)
2025-10-21 22:40:32,719 | INFO     | Епоха 3 почалась
2025-10-21 22:40:34,623 | INFO     | Епоха 3 завершена | loss=0.0801 acc=0.9764 val_loss=0.0950 val_acc=0.9705 (1.9 с)
2025-10-21 22:40:34,925 | INFO     | Тест: loss=0.1038 acc=0.9675
2025-10-21 22:40:34,943 | INFO     | Модель збережено: models\mlp_relu_20251021-224027.keras
2025-10-21 22:40:34,955 | INFO     | === Старт тренування: mlp_leaky_relu | batch=32, epochs=5, lr=0.001 ===
2025-10-21 22:40:35,000 | INFO     | Початок навчання...
2025-10-21 22:40:35,000 | INFO     | Епоха 1 почалась
2025-10-21 22:40:38,010 | INFO     | Епоха 1 завершена | loss=0.2731 acc=0.9214 val_loss=0.1295 val_acc=0.9620 (3.0 с)
2025-10-21 22:40:38,013 | INFO     | Епоха 2 почалась
2025-10-21 22:40:40,597 | INFO     | Епоха 2 завершена | loss=0.1211 acc=0.9640 val_loss=0.1000 val_acc=0.9692 (2.6 с)
2025-10-21 22:40:40,599 | INFO     | Епоха 3 почалась
2025-10-21 22:40:42,630 | INFO     | Епоха 3 завершена | loss=0.0827 acc=0.9761 val_loss=0.0883 val_acc=0.9745 (2.0 с)
2025-10-21 22:40:42,632 | INFO     | Епоха 4 почалась
2025-10-21 22:40:44,617 | INFO     | Епоха 4 завершена | loss=0.0609 acc=0.9823 val_loss=0.0859 val_acc=0.9775 (2.0 с)
2025-10-21 22:40:44,619 | INFO     | Епоха 5 почалась
2025-10-21 22:40:46,675 | INFO     | Епоха 5 завершена | loss=0.0455 acc=0.9873 val_loss=0.0905 val_acc=0.9755 (2.1 с)
2025-10-21 22:40:46,977 | INFO     | Тест: loss=0.0895 acc=0.9715
2025-10-21 22:40:46,993 | INFO     | Модель збережено: models\mlp_leaky_relu_20251021-224027.keras
2025-10-21 22:40:47,003 | INFO     | === Старт тренування: mlp_tanh | batch=32, epochs=5, lr=0.001 ===
2025-10-21 22:40:47,044 | INFO     | Початок навчання...
2025-10-21 22:40:47,045 | INFO     | Епоха 1 почалась
2025-10-21 22:40:50,017 | INFO     | Епоха 1 завершена | loss=0.3018 acc=0.9129 val_loss=0.1476 val_acc=0.9575 (3.0 с)
2025-10-21 22:40:50,020 | INFO     | Епоха 2 почалась
2025-10-21 22:40:52,010 | INFO     | Епоха 2 завершена | loss=0.1486 acc=0.9561 val_loss=0.1082 val_acc=0.9673 (2.0 с)
2025-10-21 22:40:52,012 | INFO     | Епоха 3 почалась
2025-10-21 22:40:53,950 | INFO     | Епоха 3 завершена | loss=0.1006 acc=0.9711 val_loss=0.0910 val_acc=0.9713 (1.9 с)
2025-10-21 22:40:53,952 | INFO     | Епоха 4 почалась
2025-10-21 22:40:55,885 | INFO     | Епоха 4 завершена | loss=0.0726 acc=0.9799 val_loss=0.0830 val_acc=0.9735 (1.9 с)
2025-10-21 22:40:55,887 | INFO     | Епоха 5 почалась
2025-10-21 22:40:57,817 | INFO     | Епоха 5 завершена | loss=0.0536 acc=0.9855 val_loss=0.0793 val_acc=0.9748 (1.9 с)
2025-10-21 22:40:58,124 | INFO     | Тест: loss=0.0883 acc=0.9719
2025-10-21 22:40:58,139 | INFO     | Модель збережено: models\mlp_tanh_20251021-224027.keras
2025-10-21 22:40:58,150 | INFO     | === Старт тренування: mlp_sigmoid | batch=32, epochs=5, lr=0.001 ===
2025-10-21 22:40:58,194 | INFO     | Початок навчання...
2025-10-21 22:40:58,194 | INFO     | Епоха 1 почалась
2025-10-21 22:41:01,157 | INFO     | Епоха 1 завершена | loss=0.4156 acc=0.8914 val_loss=0.1977 val_acc=0.9447 (3.0 с)
2025-10-21 22:41:01,159 | INFO     | Епоха 2 почалась
2025-10-21 22:41:03,209 | INFO     | Епоха 2 завершена | loss=0.2078 acc=0.9398 val_loss=0.1466 val_acc=0.9607 (2.0 с)
2025-10-21 22:41:03,211 | INFO     | Епоха 3 почалась
2025-10-21 22:41:05,243 | INFO     | Епоха 3 завершена | loss=0.1538 acc=0.9550 val_loss=0.1194 val_acc=0.9665 (2.0 с)
2025-10-21 22:41:05,245 | INFO     | Епоха 4 почалась
2025-10-21 22:41:07,269 | INFO     | Епоха 4 завершена | loss=0.1200 acc=0.9654 val_loss=0.1029 val_acc=0.9705 (2.0 с)
2025-10-21 22:41:07,271 | INFO     | Епоха 5 почалась
2025-10-21 22:41:09,390 | INFO     | Епоха 5 завершена | loss=0.0965 acc=0.9725 val_loss=0.0924 val_acc=0.9730 (2.1 с)
2025-10-21 22:41:09,703 | INFO     | Тест: loss=0.1015 acc=0.9676
2025-10-21 22:41:09,718 | INFO     | Модель збережено: models\mlp_sigmoid_20251021-224027.keras
2025-10-21 22:41:09,718 | INFO     | 
================ CNN experiments ================

2025-10-21 22:41:09,738 | INFO     | === Старт тренування: cnn_relu | batch=32, epochs=5, lr=0.001 ===
2025-10-21 22:41:09,784 | INFO     | Початок навчання...
2025-10-21 22:41:09,785 | INFO     | Епоха 1 почалась
2025-10-21 22:41:22,171 | INFO     | Епоха 1 завершена | loss=0.1450 acc=0.9561 val_loss=0.0607 val_acc=0.9805 (12.4 с)
2025-10-21 22:41:22,176 | INFO     | Епоха 2 почалась
2025-10-21 22:41:33,861 | INFO     | Епоха 2 завершена | loss=0.0473 acc=0.9850 val_loss=0.0476 val_acc=0.9852 (11.7 с)
2025-10-21 22:41:33,864 | INFO     | Епоха 3 почалась
2025-10-21 22:41:44,427 | INFO     | Епоха 3 завершена | loss=0.0317 acc=0.9901 val_loss=0.0421 val_acc=0.9888 (10.6 с)
2025-10-21 22:41:44,429 | INFO     | Епоха 4 почалась
2025-10-21 22:41:55,076 | INFO     | Епоха 4 завершена | loss=0.0224 acc=0.9929 val_loss=0.0431 val_acc=0.9882 (10.6 с)
2025-10-21 22:41:55,799 | INFO     | Тест: loss=0.0374 acc=0.9873
2025-10-21 22:41:55,824 | INFO     | Модель збережено: models\cnn_relu_20251021-224027.keras
2025-10-21 22:41:55,845 | INFO     | === Старт тренування: cnn_leaky_relu | batch=32, epochs=5, lr=0.001 ===
2025-10-21 22:41:55,886 | INFO     | Початок навчання...
2025-10-21 22:41:55,887 | INFO     | Епоха 1 почалась
2025-10-21 22:42:09,196 | INFO     | Епоха 1 завершена | loss=0.1475 acc=0.9555 val_loss=0.0566 val_acc=0.9840 (13.3 с)
2025-10-21 22:42:09,200 | INFO     | Епоха 2 почалась
2025-10-21 22:42:20,756 | INFO     | Епоха 2 завершена | loss=0.0483 acc=0.9849 val_loss=0.0504 val_acc=0.9867 (11.6 с)
2025-10-21 22:42:20,758 | INFO     | Епоха 3 почалась
2025-10-21 22:42:31,792 | INFO     | Епоха 3 завершена | loss=0.0312 acc=0.9902 val_loss=0.0527 val_acc=0.9867 (11.0 с)
2025-10-21 22:42:32,481 | INFO     | Тест: loss=0.0447 acc=0.9850
2025-10-21 22:42:32,506 | INFO     | Модель збережено: models\cnn_leaky_relu_20251021-224027.keras
2025-10-21 22:42:32,529 | INFO     | === Старт тренування: cnn_tanh | batch=32, epochs=5, lr=0.001 ===
2025-10-21 22:42:32,574 | INFO     | Початок навчання...
2025-10-21 22:42:32,575 | INFO     | Епоха 1 почалась
2025-10-21 22:42:45,363 | INFO     | Епоха 1 завершена | loss=0.1418 acc=0.9573 val_loss=0.0576 val_acc=0.9822 (12.8 с)
2025-10-21 22:42:45,367 | INFO     | Епоха 2 почалась
2025-10-21 22:42:56,837 | INFO     | Епоха 2 завершена | loss=0.0463 acc=0.9855 val_loss=0.0510 val_acc=0.9857 (11.5 с)
2025-10-21 22:42:56,840 | INFO     | Епоха 3 почалась
2025-10-21 22:43:10,412 | INFO     | Епоха 3 завершена | loss=0.0276 acc=0.9921 val_loss=0.0519 val_acc=0.9855 (13.6 с)
2025-10-21 22:43:18,563 | INFO     | Тест: loss=0.0419 acc=0.9856
2025-10-21 22:43:18,586 | INFO     | Модель збережено: models\cnn_tanh_20251021-224027.keras
2025-10-21 22:43:18,606 | INFO     | === Старт тренування: cnn_sigmoid | batch=32, epochs=5, lr=0.001 ===
2025-10-21 22:43:18,681 | INFO     | Початок навчання...
2025-10-21 22:43:18,682 | INFO     | Епоха 1 почалась
2025-10-21 22:43:35,228 | INFO     | Епоха 1 завершена | loss=0.6911 acc=0.7722 val_loss=0.1195 val_acc=0.9660 (16.5 с)
2025-10-21 22:43:35,231 | INFO     | Епоха 2 почалась
2025-10-21 22:43:46,830 | INFO     | Епоха 2 завершена | loss=0.1126 acc=0.9665 val_loss=0.0774 val_acc=0.9770 (11.6 с)
2025-10-21 22:43:46,833 | INFO     | Епоха 3 почалась
2025-10-21 22:43:57,821 | INFO     | Епоха 3 завершена | loss=0.0758 acc=0.9771 val_loss=0.0665 val_acc=0.9788 (11.0 с)
2025-10-21 22:43:57,823 | INFO     | Епоха 4 почалась
2025-10-21 22:44:09,549 | INFO     | Епоха 4 завершена | loss=0.0584 acc=0.9822 val_loss=0.0590 val_acc=0.9827 (11.7 с)
2025-10-21 22:44:09,551 | INFO     | Епоха 5 почалась
2025-10-21 22:44:20,512 | INFO     | Епоха 5 завершена | loss=0.0468 acc=0.9861 val_loss=0.0553 val_acc=0.9835 (11.0 с)
2025-10-21 22:44:21,444 | INFO     | Тест: loss=0.0550 acc=0.9828
2025-10-21 22:44:21,467 | INFO     | Модель збережено: models\cnn_sigmoid_20251021-224027.keras
2025-10-21 22:44:21,491 | INFO     | Модель збережено: models\best\cnn_relu_20251021-224027.keras
2025-10-21 22:44:21,496 | INFO     | Результати збережені у runs\results_20251021-224027.csv
2025-10-21 22:44:21,496 | INFO     | Best MLP: tanh = 97.19%
2025-10-21 22:44:21,497 | INFO     | Best CNN: relu = 98.73%
2025-10-21 22:44:21,819 | INFO     | Графік точностей збережено: runs\acc_by_activation_20251021-224027.png
2025-10-21 22:44:23,142 | INFO     | Матриця похибок збережена: runs\confusion_relu_20251021-224027.png
2025-10-21 22:44:23,679 | INFO     | Приклади помилок збережено: runs\errors_relu_20251021-224027.png
